Copyright 1986-2016 Xilinx, Inc. All Rights Reserved.
------------------------------------------------------------------------------------
| Tool Version : Vivado v.2016.3 (win64) Build 1682563 Mon Oct 10 19:07:27 MDT 2016
| Date         : Sun Dec 25 15:14:29 2016
| Host         : Berat-PC running 64-bit Service Pack 1  (build 7601)
| Command      : report_control_sets -verbose -file Main_control_sets_placed.rpt
| Design       : Main
| Device       : xc7a35t
------------------------------------------------------------------------------------

Control Set Information

Table of Contents
-----------------
1. Summary
2. Flip-Flop Distribution
3. Detailed Control Set Information

1. Summary
----------

+----------------------------------------------------------+-------+
|                          Status                          | Count |
+----------------------------------------------------------+-------+
| Number of unique control sets                            |    28 |
| Unused register locations in slices containing registers |   153 |
+----------------------------------------------------------+-------+


2. Flip-Flop Distribution
-------------------------

+--------------+-----------------------+------------------------+-----------------+--------------+
| Clock Enable | Synchronous Set/Reset | Asynchronous Set/Reset | Total Registers | Total Slices |
+--------------+-----------------------+------------------------+-----------------+--------------+
| No           | No                    | No                     |             141 |           59 |
| No           | No                    | Yes                    |               3 |            1 |
| No           | Yes                   | No                     |              33 |           10 |
| Yes          | No                    | No                     |               0 |            0 |
| Yes          | No                    | Yes                    |               6 |            2 |
| Yes          | Yes                   | No                     |              64 |           11 |
+--------------+-----------------------+------------------------+-----------------+--------------+


3. Detailed Control Set Information
-----------------------------------

+--------------------------------+-------------------------+------------------------+------------------+----------------+
|          Clock Signal          |      Enable Signal      |    Set/Reset Signal    | Slice Load Count | Bel Load Count |
+--------------------------------+-------------------------+------------------------+------------------+----------------+
|  md/dm/f                       |                         | md/dm/oe0              |                1 |              1 |
|  ic/led_reg[3]/G0              |                         |                        |                1 |              1 |
|  ic/in0_reg[0]/G0              |                         |                        |                1 |              1 |
|  ic/led_reg[10]/G0             |                         |                        |                1 |              1 |
|  ic/led_reg[0]/G0              |                         |                        |                1 |              1 |
|  ic/led_reg[7]/G0              |                         |                        |                1 |              1 |
|  ic/led_reg[6]/G0              |                         |                        |                1 |              1 |
|  ic/led_reg[5]/G0              |                         |                        |                1 |              1 |
|  ic/led_reg[4]/G0              |                         |                        |                1 |              1 |
|  ic/led_reg[8]/G0              |                         |                        |                1 |              1 |
|  ic/led_reg[2]/G0              |                         |                        |                1 |              1 |
|  ic/led_reg[1]/G0              |                         |                        |                1 |              1 |
|  ic/led_reg[12]/G0             |                         |                        |                1 |              1 |
|  ic/in1_reg[0]/G0              |                         |                        |                1 |              1 |
|  ic/enable_reg_i_1_n_0         |                         |                        |                1 |              1 |
|  ic/led_reg[13]_i_1_n_0        |                         | ic/led_reg[13]_i_2_n_0 |                1 |              1 |
|  clk_IBUF_BUFG                 |                         |                        |                1 |              2 |
|  md/dm/f                       |                         |                        |                1 |              3 |
|  clk_en_reg_n_0_BUFG           |                         | mr_IBUF                |                1 |              3 |
|  ic//i___1_n_0                 |                         |                        |                1 |              3 |
|  clk_en_reg_n_0_BUFG           | ic/state_reg[5][0]      | mr_IBUF                |                2 |              6 |
|  ic/E[0]                       |                         |                        |                3 |              6 |
|  cfsm/nextstate_reg[5]_i_2_n_0 |                         |                        |                2 |              6 |
|  md/dm/e                       |                         |                        |                5 |              9 |
|  clk_IBUF_BUFG                 |                         | count[31]_i_1_n_0      |                8 |             31 |
|  clk_en_reg_n_0_BUFG           | ic/counter2[31]_i_2_n_0 | ic/counter2            |                5 |             32 |
|  clk_en_reg_n_0_BUFG           | ic/counter[31]_i_1_n_0  | ic//i___0_n_0          |                6 |             32 |
|  clk_en_reg_n_0_BUFG           |                         |                        |               32 |             98 |
+--------------------------------+-------------------------+------------------------+------------------+----------------+


+--------+-----------------------+
| Fanout | Number of ControlSets |
+--------+-----------------------+
| 1      |                    16 |
| 2      |                     1 |
| 3      |                     3 |
| 6      |                     3 |
| 9      |                     1 |
| 16+    |                     4 |
+--------+-----------------------+


